<?xml version="1.0" encoding="UTF-8"?>
<testsuite xmlns:xsi="http://www.w3.org/2001/XMLSchema-instance" xsi:noNamespaceSchemaLocation="https://maven.apache.org/surefire/maven-surefire-plugin/xsd/surefire-test-report-3.0.xsd" version="3.0" name="com.lluengo.bci.DemoJwtApplicationTests" time="9.848" tests="1" errors="0" skipped="0" failures="0">
  <properties>
[...]
</properties>
  <testcase name="contextLoads" classname="com.lluengo.bci.DemoJwtApplicationTests" time="0.861">
    <system-out><![CDATA[17:25:57.364 [main] INFO org.springframework.test.context.support.AnnotationConfigContextLoaderUtils -- Could not detect default configuration classes for test class [com.lluengo.bci.DemoJwtApplicationTests]: DemoJwtApplicationTests does not declare any static, non-private, non-final, nested classes annotated with @Configuration.
17:25:57.554 [main] INFO org.springframework.boot.test.context.SpringBootTestContextBootstrapper -- Found @SpringBootConfiguration com.lluengo.bci.MainApplication for test class com.lluengo.bci.DemoJwtApplicationTests

  .   ____          _            __ _ _
 /\\ / ___'_ __ _ _(_)_ __  __ _ \ \ \ \
( ( )\___ | '_ | '_| | '_ \/ _` | \ \ \ \
 \\/  ___)| |_)| | | | | || (_| |  ) ) ) )
  '  |____| .__|_| |_|_| |_\__, | / / / /
 =========|_|==============|___/=/_/_/_/
 :: Spring Boot ::                (v3.1.0)

2024-02-14T17:25:58.246-03:00  INFO 76838 --- [           main] c.lluengo.bci.DemoJwtApplicationTests    : Starting DemoJwtApplicationTests using Java 17.0.10 with PID 76838 (started by leonelluengo in /Users/leonelluengo/Documents/dev/bci-ex-2024)
2024-02-14T17:25:58.249-03:00  INFO 76838 --- [           main] c.lluengo.bci.DemoJwtApplicationTests    : No active profile set, falling back to 1 default profile: "default"
2024-02-14T17:25:59.778-03:00  INFO 76838 --- [           main] .s.d.r.c.RepositoryConfigurationDelegate : Bootstrapping Spring Data JPA repositories in DEFAULT mode.
2024-02-14T17:25:59.935-03:00  INFO 76838 --- [           main] .s.d.r.c.RepositoryConfigurationDelegate : Finished Spring Data repository scanning in 149 ms. Found 1 JPA repository interfaces.
2024-02-14T17:26:00.918-03:00  INFO 76838 --- [           main] o.hibernate.jpa.internal.util.LogHelper  : HHH000204: Processing PersistenceUnitInfo [name: default]
2024-02-14T17:26:00.980-03:00  INFO 76838 --- [           main] org.hibernate.Version                    : HHH000412: Hibernate ORM core version 6.2.2.Final
2024-02-14T17:26:00.985-03:00  INFO 76838 --- [           main] org.hibernate.cfg.Environment            : HHH000406: Using bytecode reflection optimizer
2024-02-14T17:26:01.142-03:00  INFO 76838 --- [           main] o.h.b.i.BytecodeProviderInitiator        : HHH000021: Bytecode provider name : bytebuddy
2024-02-14T17:26:01.284-03:00  INFO 76838 --- [           main] o.s.o.j.p.SpringPersistenceUnitInfo      : No LoadTimeWeaver setup: ignoring JPA class transformer
2024-02-14T17:26:01.300-03:00  INFO 76838 --- [           main] com.zaxxer.hikari.HikariDataSource       : HikariPool-1 - Starting...
2024-02-14T17:26:01.536-03:00  INFO 76838 --- [           main] com.zaxxer.hikari.pool.HikariPool        : HikariPool-1 - Added connection conn0: url=jdbc:h2:mem:testdb user=SA
2024-02-14T17:26:01.540-03:00  INFO 76838 --- [           main] com.zaxxer.hikari.HikariDataSource       : HikariPool-1 - Start completed.
2024-02-14T17:26:01.566-03:00  INFO 76838 --- [           main] org.hibernate.orm.dialect                : HHH035001: Using dialect: org.hibernate.dialect.H2Dialect, version: 2.1.214
2024-02-14T17:26:01.875-03:00  INFO 76838 --- [           main] o.h.b.i.BytecodeProviderInitiator        : HHH000021: Bytecode provider name : bytebuddy
2024-02-14T17:26:02.617-03:00  INFO 76838 --- [           main] o.h.e.t.j.p.i.JtaPlatformInitiator       : HHH000490: Using JtaPlatform implementation: [org.hibernate.engine.transaction.jta.platform.internal.NoJtaPlatform]
Hibernate: create table phones (id bigint not null, city_code integer not null, country_code varchar(255), number bigint not null, user_id uuid, primary key (id))
Hibernate: create table users (id uuid not null, name varchar(255), created timestamp(6), last_login timestamp(6), modified timestamp(6), password varchar(255), role varchar(255) check (role in ('ADMIN','USER')), token varchar(255), username varchar(255) not null, primary key (id))
Hibernate: create sequence phones_seq start with 1 increment by 50
Hibernate: alter table if exists phones add constraint FKmg6d77tgqfen7n1g763nvsqe3 foreign key (user_id) references users
2024-02-14T17:26:02.668-03:00  INFO 76838 --- [           main] j.LocalContainerEntityManagerFactoryBean : Initialized JPA EntityManagerFactory for persistence unit 'default'
2024-02-14T17:26:03.485-03:00 TRACE 76838 --- [           main] eGlobalAuthenticationAutowiredConfigurer : Eagerly initializing {securityConfig=com.lluengo.bci.config.SecurityConfig$$SpringCGLIB$$0@25c06894}
2024-02-14T17:26:03.694-03:00  WARN 76838 --- [           main] JpaBaseConfiguration$JpaWebConfiguration : spring.jpa.open-in-view is enabled by default. Therefore, database queries may be performed during view rendering. Explicitly configure spring.jpa.open-in-view to disable this warning
2024-02-14T17:26:05.433-03:00  INFO 76838 --- [           main] o.s.s.web.DefaultSecurityFilterChain     : Will secure any request with [org.springframework.security.web.session.DisableEncodeUrlFilter@7136ad9a, org.springframework.security.web.context.request.async.WebAsyncManagerIntegrationFilter@4fb42efa, org.springframework.security.web.context.SecurityContextHolderFilter@679886ad, org.springframework.security.web.header.HeaderWriterFilter@3c7787a7, org.springframework.security.web.authentication.logout.LogoutFilter@44cab872, com.lluengo.bci.jwt.JwtAuthenticationFilter@4987142d, org.springframework.security.web.savedrequest.RequestCacheAwareFilter@59172d2, org.springframework.security.web.servletapi.SecurityContextHolderAwareRequestFilter@23307c6c, org.springframework.security.web.authentication.AnonymousAuthenticationFilter@35599228, org.springframework.security.web.session.SessionManagementFilter@258291de, org.springframework.security.web.access.ExceptionTranslationFilter@53570fff, org.springframework.security.web.access.intercept.AuthorizationFilter@267309f7]
2024-02-14T17:26:05.983-03:00  INFO 76838 --- [           main] o.s.b.a.h2.H2ConsoleAutoConfiguration    : H2 console available at '/h2-console'. Database available at 'jdbc:h2:mem:testdb'
2024-02-14T17:26:06.069-03:00  INFO 76838 --- [           main] c.lluengo.bci.DemoJwtApplicationTests    : Started DemoJwtApplicationTests in 8.312 seconds (process running for 9.867)
]]></system-out>
  </testcase>
</testsuite>